MPASM  5.47    D-1_V-2.0_E-1_IF-STATEMENT.ASM   8-1-2013  18:43:37         PAGE  1


LOC  OBJECT CODE     LINE SOURCE TEXT
  VALUE

                      00001                 list            p=10f200
                      00002                 #include        <p10f200.inc>
                      00001         LIST
                      00002 
                      00003 ;==========================================================================
                      00004 ;  MPASM PIC10F200 processor include
                      00005 ; 
                      00006 ;  (c) Copyright 1999-2012 Microchip Technology, All rights reserved
                      00007 ;==========================================================================
                      00008 
                      00151         LIST
                      00003 
0FFF   0FEB           00004                 __CONFIG                _CP_OFF & _WDT_OFF & _MCLRE_OFF & _IntRC_OSC
                      00005 
                      00006 ;********* VARIABLES ******************
  00000010            00007 CNT1    EQU             0x10
  00000011            00008 CNT2    EQU             0x11
  00000012            00009 CNT3    EQU             0x12
                      00010 
                      00011 ;********* SETUP: ENVIRONMENT ********
                      00012         ORG                     0x00
                      00013 
0000   0025           00014         movwf           OSCCAL
0001   0405           00015         bcf                     OSCCAL,FOSC4
                      00016 
0002   0CFE           00017         movlw           b'11111110'
0003   0006           00018         TRIS            GPIO
                      00019 
                      00020 ;********* MAIN ******************
0004                  00021 main_loop
                      00022         
                      00023         ;GP3 => On? (GP3 = 1)
0004   0666           00024         BTFSC           GPIO,3
                      00025         
                      00026         ; GP3 = 1
0005   0A??           00027         goto            dly_100ms
                      00028         ; GP3 = 0
0006   0A??           00029         goto            dly_1S
                      00030 
                      00031 ;LED_on_off
                      00032 ;{
0007                  00033 LED_on_off
                      00034         
0007   0506           00035         bsf                     GPIO,0
                      00036         ;call           DLY_1S
0008   09??           00037         call            DLY
                      00038 
0009   0406           00039         bcf                     GPIO,0
                      00040         ;call           DLY_1S
000A   09??           00041         call            DLY
                      00042         
000B   0A??           00043         goto            main_loop
                      00044 
MPASM  5.47    D-1_V-2.0_E-1_IF-STATEMENT.ASM   8-1-2013  18:43:37         PAGE  2


LOC  OBJECT CODE     LINE SOURCE TEXT
  VALUE

                      00045 ;}
                      00046 ;********* FUNCTIONS ****************** 
000C                  00047 dly_100ms
000C   0C01           00048         movlw           d'1'
000D   0A??           00049         goto            LED_on_off
                      00050 
000E                  00051 dly_1S
000E   0C0A           00052         movlw           d'10'
000F   0A??           00053         goto            LED_on_off
                      00054 
                      00055 
                      00056 ;DLY_1S
                      00057 ;DLY
                      00058 ;{
0010                  00059 DLY
                      00060         ;movlw          d'10'
0010   0032           00061         movwf           CNT3
                      00062 
                      00063 
                      00064         
0011                  00065 DLY_100
0011   0C64           00066         movlw           d'100'
0012   0030           00067         movwf           CNT1
                      00068 
0013                  00069 DLP1
0013   0CC8           00070         movlw           d'200'
0014   0031           00071         movwf           CNT2
                      00072         
0015                  00073 DLP2
0015   0000           00074         nop
0016   0000           00075         nop
                      00076         
0017   02F1           00077         decfsz          CNT2,f
0018   0A??           00078         goto            DLP2
                      00079         
0019   02F0           00080         decfsz          CNT1,f
001A   0A??           00081         goto            DLP1
                      00082         
001B   02F2           00083         decfsz          CNT3,f
001C   0A??           00084         goto            DLY_100
                      00085         
001D   0800           00086         retlw           0
                      00087 ;}
                      00088         
                      00089 ;********* END ******************
0FEB                  00090         END
MPASM  5.47    D-1_V-2.0_E-1_IF-STATEMENT.ASM   8-1-2013  18:43:37         PAGE  3


SYMBOL TABLE
  LABEL                             VALUE 

C                                 00000000
CAL0                              00000001
CAL1                              00000002
CAL2                              00000003
CAL3                              00000004
CAL4                              00000005
CAL5                              00000006
CAL6                              00000007
CNT1                              00000010
CNT2                              00000011
CNT3                              00000012
DC                                00000001
DLP1                              00000013
DLP2                              00000015
DLY                               00000010
DLY_100                           00000011
F                                 00000001
FOSC4                             00000000
FSR                               00000004
GP0                               00000000
GP1                               00000001
GP2                               00000002
GP3                               00000003
GPIO                              00000006
GPWUF                             00000007
INDF                              00000000
LED_on_off                        00000007
NOT_GPPU                          00000006
NOT_GPWU                          00000007
NOT_PD                            00000003
NOT_TO                            00000004
OSCCAL                            00000005
PCL                               00000002
PS0                               00000000
PS1                               00000001
PS2                               00000002
PSA                               00000003
STATUS                            00000003
T0CS                              00000005
T0SE                              00000004
TMR0                              00000001
TRISIO0                           00000000
TRISIO1                           00000001
TRISIO2                           00000002
TRISIO3                           00000003
W                                 00000000
Z                                 00000002
_CONFIG                           00000FFF
_CP_OFF                           00000FFF
_CP_ON                            00000FF7
_IDLOC0                           00000100
_IDLOC1                           00000101
_IDLOC2                           00000102
MPASM  5.47    D-1_V-2.0_E-1_IF-STATEMENT.ASM   8-1-2013  18:43:37         PAGE  4


SYMBOL TABLE
  LABEL                             VALUE 

_IDLOC3                           00000103
_IntRC_OSC                        00000FFF
_MCLRE_OFF                        00000FEF
_MCLRE_ON                         00000FFF
_OSC_IntRC                        00000FFF
_WDTE_OFF                         00000FFB
_WDTE_ON                          00000FFF
_WDT_OFF                          00000FFB
_WDT_ON                           00000FFF
__10F200                          00000001
__DEBUG                           1
dly_100ms                         0000000C
dly_1S                            0000000E
main_loop                         00000004

Errors   :     0
Warnings :     0 reported,     0 suppressed
Messages :     0 reported,     0 suppressed

