MPASM  5.47          D-7_PIC12_WAVE_V-1.0.ASM   8-31-2013  18:26:48         PAGE  1


LOC  OBJECT CODE     LINE SOURCE TEXT
  VALUE

                      00001         list            p=12f629
                      00002         #include        <p12f629.inc>
                      00001         LIST
                      00002 
                      00003 ;==========================================================================
                      00004 ;  MPASM PIC12F629 processor include
                      00005 ; 
                      00006 ;  (c) Copyright 1999-2012 Microchip Technology, All rights reserved
                      00007 ;==========================================================================
                      00008 
                      00338         LIST
                      00003         
2007   3F84           00004         __CONFIG        _CP_OFF & _CPD_OFF & _BODEN_OFF & _MCLRE_OFF & _WDT_OFF & _PWRTE_ON & _INTRC_OSC
                            _NOCLKOUT
                      00005         
  00000020            00006 w_temp          EQU     0x20
  00000021            00007 CNT1            EQU     0x21
  00000022            00008 CNT2            EQU     0x22
  00000023            00009 CNT3            EQU     0x23
  00000024            00010 O_DATA          EQU     0x24
  00000025            00011 TMP_DATA        EQU     0x25
                      00012         
                      00013                                 ORG             0x000
0000   2???           00014                                 goto    main
                      00015                                 
                      00016                                 ORG             0x004
0004   0009           00017                                 retfie
                      00018                                 
0005                  00019 main
                      00020                 ; Internal clock
0005   1683           00021                 bsf             STATUS,RP0
0006   23FF           00022                 call    0x3ff
Message[302]: Register in operand not in bank 0.  Ensure that bank bits are correct.
0007   0090           00023                 movwf   OSCCAL
0008   1283           00024                 bcf             STATUS,RP0
                      00025                 
                      00026                 ;Interrupt
0009   018B           00027                 clrf    INTCON
                      00028                 
                      00029                 ; Comparator
000A   3007           00030                 movlw   0x07
000B   0099           00031                 movwf   CMCON
                      00032                 
                      00033                 ; GPIO
000C   1683           00034                 bsf             STATUS,RP0
000D   30E8           00035                 movlw   b'11101000'
Message[302]: Register in operand not in bank 0.  Ensure that bank bits are correct.
000E   0085           00036                 movwf   TRISIO
                      00037                 
000F   1283           00038                 bcf             STATUS,RP0
                      00039                 
0010   01A1           00040                 clrf    CNT1
                      00041                 
MPASM  5.47          D-7_PIC12_WAVE_V-1.0.ASM   8-31-2013  18:26:48         PAGE  2


LOC  OBJECT CODE     LINE SOURCE TEXT
  VALUE

                      00042 ;main_loop
                      00043 ;{              
0011                  00044 main_loop
                      00045                 ; GPIO3 => Lo?
0011   1D85           00046                 btfss   GPIO,3
0012   2???           00047                 goto    main_loop
                      00048 
                      00049                 ; Read CNT1
0013   0821           00050                 movf    CNT1,w
0014   00A5           00051                 movwf   TMP_DATA
                      00052                 
                      00053                 ; Extract => 4th bit
0015   3908           00054                 andlw   b'00001000'
0016   00A4           00055                 movwf   O_DATA
                      00056                 
                      00057                 ; 4th bit => to 5th bit
0017   1003           00058                 bcf             STATUS,C
0018   0DA4           00059                 rlf             O_DATA,f
0019   0825           00060                 movf    TMP_DATA,w
                      00061                 
                      00062                 ; The remaining first 3 bits
001A   3907           00063                 andlw   b'00000111'
001B   04A4           00064                 iorwf   O_DATA,f
                      00065                 
                      00066                 ; Output data
001C   0824           00067                 movf    O_DATA,w
001D   0085           00068                 movwf   GPIO
                      00069                 
001E   2???           00070                 call    DLY_1
                      00071                 
001F   0AA1           00072                 incf    CNT1,f
                      00073                 
0020   2???           00074                 goto    main_loop
                      00075 
                      00076 ;}
                      00077 ;
                      00078 
                      00079 ;DLY_1
                      00080 ;{              
0021                  00081 DLY_1
0021   3014           00082         movlw           d'20'
0022   00A2           00083         movwf           CNT2
                      00084         
0023                  00085 DLY_1L
0023   0BA2           00086         decfsz          CNT2,f
0024   2???           00087         goto            DLY_1L
                      00088         
0025   0008           00089         return
                      00090 ;}
                      00091 ;
3F84                  00092         END
MPASM  5.47          D-7_PIC12_WAVE_V-1.0.ASM   8-31-2013  18:26:48         PAGE  3


SYMBOL TABLE
  LABEL                             VALUE 

ADIE                              00000006
ADIF                              00000006
C                                 00000000
CAL0                              00000002
CAL1                              00000003
CAL2                              00000004
CAL3                              00000005
CAL4                              00000006
CAL5                              00000007
CINV                              00000004
CIS                               00000003
CM0                               00000000
CM1                               00000001
CM2                               00000002
CMCON                             00000019
CMIE                              00000003
CMIF                              00000003
CNT1                              00000021
CNT2                              00000022
CNT3                              00000023
COUT                              00000006
DC                                00000001
DLY_1                             00000021
DLY_1L                            00000023
EEADR                             0000009B
EECON1                            0000009C
EECON2                            0000009D
EEDAT                             0000009A
EEDATA                            0000009A
EEIE                              00000007
EEIF                              00000007
F                                 00000001
FSR                               00000004
GIE                               00000007
GP0                               00000000
GP1                               00000001
GP2                               00000002
GP3                               00000003
GP4                               00000004
GP5                               00000005
GPIE                              00000003
GPIF                              00000000
GPIO                              00000005
GPIO0                             00000000
GPIO1                             00000001
GPIO2                             00000002
GPIO3                             00000003
GPIO4                             00000004
GPIO5                             00000005
INDF                              00000000
INTCON                            0000000B
INTE                              00000004
INTEDG                            00000006
MPASM  5.47          D-7_PIC12_WAVE_V-1.0.ASM   8-31-2013  18:26:48         PAGE  4


SYMBOL TABLE
  LABEL                             VALUE 

INTF                              00000001
IOC                               00000096
IOC0                              00000000
IOC1                              00000001
IOC2                              00000002
IOC3                              00000003
IOC4                              00000004
IOC5                              00000005
IOCB                              00000096
IOCB0                             00000000
IOCB1                             00000001
IOCB2                             00000002
IOCB3                             00000003
IOCB4                             00000004
IOCB5                             00000005
IRP                               00000007
NOT_BOD                           00000000
NOT_BOR                           00000000
NOT_GPPU                          00000007
NOT_PD                            00000003
NOT_POR                           00000001
NOT_T1SYNC                        00000002
NOT_TO                            00000004
OPTION_REG                        00000081
OSCCAL                            00000090
O_DATA                            00000024
PCL                               00000002
PCLATH                            0000000A
PCON                              0000008E
PEIE                              00000006
PIE1                              0000008C
PIR1                              0000000C
PS0                               00000000
PS1                               00000001
PS2                               00000002
PSA                               00000003
RD                                00000000
RP0                               00000005
RP1                               00000006
STATUS                            00000003
T0CS                              00000005
T0IE                              00000005
T0IF                              00000002
T0SE                              00000004
T1CKPS0                           00000004
T1CKPS1                           00000005
T1CON                             00000010
T1IE                              00000000
T1IF                              00000000
T1OSCEN                           00000003
TMP_DATA                          00000025
TMR0                              00000001
TMR0IE                            00000005
MPASM  5.47          D-7_PIC12_WAVE_V-1.0.ASM   8-31-2013  18:26:48         PAGE  5


SYMBOL TABLE
  LABEL                             VALUE 

TMR0IF                            00000002
TMR1                              0000000E
TMR1CS                            00000001
TMR1GE                            00000006
TMR1H                             0000000F
TMR1IE                            00000000
TMR1IF                            00000000
TMR1L                             0000000E
TMR1ON                            00000000
TRISIO                            00000085
TRISIO0                           00000000
TRISIO1                           00000001
TRISIO2                           00000002
TRISIO3                           00000003
TRISIO4                           00000004
TRISIO5                           00000005
VR0                               00000000
VR1                               00000001
VR2                               00000002
VR3                               00000003
VRCON                             00000099
VREN                              00000007
VRR                               00000005
W                                 00000000
WPU                               00000095
WPU0                              00000000
WPU1                              00000001
WPU2                              00000002
WPU4                              00000004
WPU5                              00000005
WR                                00000001
WREN                              00000002
WRERR                             00000003
Z                                 00000002
_BODEN_OFF                        00003FBF
_BODEN_ON                         00003FFF
_BOREN_OFF                        00003FBF
_BOREN_ON                         00003FFF
_CONFIG                           00002007
_CPD_OFF                          00003FFF
_CPD_ON                           00003EFF
_CP_OFF                           00003FFF
_CP_ON                            00003F7F
_DEVID1                           00002006
_EC_OSC                           00003FFB
_EXTRC_OSC_CLKOUT                 00003FFF
_EXTRC_OSC_NOCLKOUT               00003FFE
_FOSC_EC                          00003FFB
_FOSC_EXTRCCLK                    00003FFF
_FOSC_EXTRCIO                     00003FFE
_FOSC_HS                          00003FFA
_FOSC_INTRCCLK                    00003FFD
_FOSC_INTRCIO                     00003FFC
MPASM  5.47          D-7_PIC12_WAVE_V-1.0.ASM   8-31-2013  18:26:48         PAGE  6


SYMBOL TABLE
  LABEL                             VALUE 

_FOSC_LP                          00003FF8
_FOSC_XT                          00003FF9
_HS_OSC                           00003FFA
_IDLOC0                           00002000
_IDLOC1                           00002001
_IDLOC2                           00002002
_IDLOC3                           00002003
_INTRC_OSC_CLKOUT                 00003FFD
_INTRC_OSC_NOCLKOUT               00003FFC
_LP_OSC                           00003FF8
_MCLRE_OFF                        00003FDF
_MCLRE_ON                         00003FFF
_PWRTE_OFF                        00003FFF
_PWRTE_ON                         00003FEF
_WDTE_OFF                         00003FF7
_WDTE_ON                          00003FFF
_WDT_OFF                          00003FF7
_WDT_ON                           00003FFF
_XT_OSC                           00003FF9
__12F629                          00000001
__DEBUG                           1
main                              00000005
main_loop                         00000011
w_temp                            00000020

Errors   :     0
Warnings :     0 reported,     0 suppressed
Messages :     2 reported,     0 suppressed

